2018-11-29 22:01:55,681 [main] INFO  [o.s.c.a.AnnotationConfigApplicationContext] AbstractApplicationContext.java:590 - Refreshing org.springframework.context.annotation.AnnotationConfigApplicationContext@69e1dd28: startup date [Thu Nov 29 22:01:55 CST 2018]; root of context hierarchy
2018-11-29 22:01:55,844 [main] INFO  [o.s.b.f.a.AutowiredAnnotationBeanPostProcessor] AutowiredAnnotationBeanPostProcessor.java:154 - JSR-330 'javax.inject.Inject' annotation found and supported for autowiring
2018-11-29 22:01:55,873 [main] INFO  [o.s.c.s.PostProcessorRegistrationDelegate$BeanPostProcessorChecker] PostProcessorRegistrationDelegate.java:328 - Bean 'configurationPropertiesRebinderAutoConfiguration' of type [org.springframework.cloud.autoconfigure.ConfigurationPropertiesRebinderAutoConfiguration$$EnhancerBySpringCGLIB$$a73d9f96] is not eligible for getting processed by all BeanPostProcessors (for example: not eligible for auto-proxying)
2018-11-29 22:01:56,212 [main] INFO  [c.h.pinyougou.eureka.PinyougouEurekaApplication] SpringApplication.java:659 - No active profile set, falling back to default profiles: default
2018-11-29 22:01:56,224 [main] INFO  [o.s.b.w.s.c.AnnotationConfigServletWebServerApplicationContext] AbstractApplicationContext.java:590 - Refreshing org.springframework.boot.web.servlet.context.AnnotationConfigServletWebServerApplicationContext@36328d33: startup date [Thu Nov 29 22:01:56 CST 2018]; parent: org.springframework.context.annotation.AnnotationConfigApplicationContext@69e1dd28
2018-11-29 22:01:57,057 [main] INFO  [o.springframework.cloud.context.scope.GenericScope] GenericScope.java:294 - BeanFactory id=1784c14f-00f3-32a9-8d9e-4d946f86bd0f
2018-11-29 22:01:57,074 [main] INFO  [o.s.b.f.a.AutowiredAnnotationBeanPostProcessor] AutowiredAnnotationBeanPostProcessor.java:154 - JSR-330 'javax.inject.Inject' annotation found and supported for autowiring
2018-11-29 22:01:57,157 [main] INFO  [o.s.c.s.PostProcessorRegistrationDelegate$BeanPostProcessorChecker] PostProcessorRegistrationDelegate.java:328 - Bean 'org.springframework.cloud.autoconfigure.ConfigurationPropertiesRebinderAutoConfiguration' of type [org.springframework.cloud.autoconfigure.ConfigurationPropertiesRebinderAutoConfiguration$$EnhancerBySpringCGLIB$$a73d9f96] is not eligible for getting processed by all BeanPostProcessors (for example: not eligible for auto-proxying)
2018-11-29 22:01:57,351 [main] INFO  [o.s.boot.web.embedded.tomcat.TomcatWebServer] TomcatWebServer.java:91 - Tomcat initialized with port(s): 9000 (http)
2018-11-29 22:01:57,363 [main] INFO  [org.apache.coyote.http11.Http11NioProtocol] DirectJDKLog.java:180 - Initializing ProtocolHandler ["http-nio-9000"]
2018-11-29 22:01:57,371 [main] INFO  [org.apache.catalina.core.StandardService] DirectJDKLog.java:180 - Starting service [Tomcat]
2018-11-29 22:01:57,371 [main] INFO  [org.apache.catalina.core.StandardEngine] DirectJDKLog.java:180 - Starting Servlet Engine: Apache Tomcat/8.5.29
2018-11-29 22:01:57,374 [localhost-startStop-1] INFO  [org.apache.catalina.core.AprLifecycleListener] DirectJDKLog.java:180 - The APR based Apache Tomcat Native library which allows optimal performance in production environments was not found on the java.library.path: [C:\Program Files\Java\jdk1.8.0_144\bin;C:\Windows\Sun\Java\bin;C:\Windows\system32;C:\Windows;C:\Windows\system32;C:\Windows;C:\Windows\System32\Wbem;C:\Windows\System32\WindowsPowerShell\v1.0\;C:\Program Files\Java\jdk1.8.0_144\bin;C:\Program Files\MySQL\MySQL Utilities 1.6\;C:\Program Files (x86)\Java\jdk1.7.0_72;D:\SVN\bin;D:\TortoiseSVN\bin;E:\maven32\apache-maven-3.3.9\bin;D:\softwore download\Git\cmd;C:\Program Files (x86)\NVIDIA Corporation\PhysX\Common;D:\oracledelevopment\32bit\instantclient_12_1;C:\Program Files\Bandizip\;E:\MongoDB\bin;.]
2018-11-29 22:01:57,492 [localhost-startStop-1] INFO  [o.a.c.core.ContainerBase.[Tomcat].[localhost].[/]] DirectJDKLog.java:180 - Initializing Spring embedded WebApplicationContext
2018-11-29 22:01:57,492 [localhost-startStop-1] INFO  [org.springframework.web.context.ContextLoader] ServletWebServerApplicationContext.java:285 - Root WebApplicationContext: initialization completed in 1269 ms
2018-11-29 22:01:57,828 [localhost-startStop-1] WARN  [com.netflix.config.sources.URLConfigurationSource] URLConfigurationSource.java:121 - No URLs will be polled as dynamic configuration sources.
2018-11-29 22:01:57,828 [localhost-startStop-1] INFO  [com.netflix.config.sources.URLConfigurationSource] URLConfigurationSource.java:122 - To enable URLs as dynamic configuration sources, define System property archaius.configurationSource.additionalUrls or make config.properties available on classpath.
2018-11-29 22:01:57,836 [localhost-startStop-1] INFO  [com.netflix.config.DynamicPropertyFactory] DynamicPropertyFactory.java:281 - DynamicPropertyFactory is initialized with configuration sources: com.netflix.config.ConcurrentCompositeConfiguration@5bd2c544
2018-11-29 22:01:59,043 [localhost-startStop-1] INFO  [o.s.boot.web.servlet.FilterRegistrationBean] AbstractFilterRegistrationBean.java:244 - Mapping filter: 'characterEncodingFilter' to: [/*]
2018-11-29 22:01:59,044 [localhost-startStop-1] INFO  [o.s.boot.web.servlet.FilterRegistrationBean] AbstractFilterRegistrationBean.java:244 - Mapping filter: 'hiddenHttpMethodFilter' to: [/*]
2018-11-29 22:01:59,044 [localhost-startStop-1] INFO  [o.s.boot.web.servlet.FilterRegistrationBean] AbstractFilterRegistrationBean.java:244 - Mapping filter: 'httpPutFormContentFilter' to: [/*]
2018-11-29 22:01:59,044 [localhost-startStop-1] INFO  [o.s.boot.web.servlet.FilterRegistrationBean] AbstractFilterRegistrationBean.java:244 - Mapping filter: 'requestContextFilter' to: [/*]
2018-11-29 22:01:59,045 [localhost-startStop-1] INFO  [o.s.b.w.s.DelegatingFilterProxyRegistrationBean] AbstractFilterRegistrationBean.java:244 - Mapping filter: 'springSecurityFilterChain' to: [/*]
2018-11-29 22:01:59,045 [localhost-startStop-1] INFO  [o.s.boot.web.servlet.FilterRegistrationBean] AbstractFilterRegistrationBean.java:244 - Mapping filter: 'httpTraceFilter' to: [/*]
2018-11-29 22:01:59,045 [localhost-startStop-1] INFO  [o.s.boot.web.servlet.FilterRegistrationBean] AbstractFilterRegistrationBean.java:244 - Mapping filter: 'webMvcMetricsFilter' to: [/*]
2018-11-29 22:01:59,045 [localhost-startStop-1] INFO  [o.s.boot.web.servlet.FilterRegistrationBean] AbstractFilterRegistrationBean.java:257 - Mapping filter: 'servletContainer' to urls: [/eureka/*]
2018-11-29 22:01:59,045 [localhost-startStop-1] INFO  [o.s.boot.web.servlet.ServletRegistrationBean] ServletRegistrationBean.java:185 - Servlet dispatcherServlet mapped to [/]
2018-11-29 22:01:59,097 [localhost-startStop-1] INFO  [c.s.j.server.impl.application.WebApplicationImpl] WebApplicationImpl.java:815 - Initiating Jersey application, version 'Jersey: 1.19.1 03/11/2016 02:08 PM'
2018-11-29 22:01:59,147 [localhost-startStop-1] INFO  [c.n.discovery.provider.DiscoveryJerseyProvider] DiscoveryJerseyProvider.java:70 - Using JSON encoding codec LegacyJacksonJson
2018-11-29 22:01:59,148 [localhost-startStop-1] INFO  [c.n.discovery.provider.DiscoveryJerseyProvider] DiscoveryJerseyProvider.java:71 - Using JSON decoding codec LegacyJacksonJson
2018-11-29 22:01:59,238 [localhost-startStop-1] INFO  [c.n.discovery.provider.DiscoveryJerseyProvider] DiscoveryJerseyProvider.java:80 - Using XML encoding codec XStreamXml
2018-11-29 22:01:59,239 [localhost-startStop-1] INFO  [c.n.discovery.provider.DiscoveryJerseyProvider] DiscoveryJerseyProvider.java:81 - Using XML decoding codec XStreamXml
2018-11-29 22:01:59,529 [main] WARN  [com.netflix.config.sources.URLConfigurationSource] URLConfigurationSource.java:121 - No URLs will be polled as dynamic configuration sources.
2018-11-29 22:01:59,529 [main] INFO  [com.netflix.config.sources.URLConfigurationSource] URLConfigurationSource.java:122 - To enable URLs as dynamic configuration sources, define System property archaius.configurationSource.additionalUrls or make config.properties available on classpath.
2018-11-29 22:01:59,606 [main] INFO  [o.s.web.servlet.handler.SimpleUrlHandlerMapping] AbstractUrlHandlerMapping.java:373 - Mapped URL path [/**/favicon.ico] onto handler of type [class org.springframework.web.servlet.resource.ResourceHttpRequestHandler]
2018-11-29 22:01:59,775 [main] INFO  [o.s.w.s.m.m.a.RequestMappingHandlerAdapter] RequestMappingHandlerAdapter.java:574 - Looking for @ControllerAdvice: org.springframework.boot.web.servlet.context.AnnotationConfigServletWebServerApplicationContext@36328d33: startup date [Thu Nov 29 22:01:56 CST 2018]; parent: org.springframework.context.annotation.AnnotationConfigApplicationContext@69e1dd28
2018-11-29 22:01:59,831 [main] INFO  [o.s.w.s.m.m.a.RequestMappingHandlerMapping] AbstractHandlerMethodMapping.java:547 - Mapped "{[/error]}" onto public org.springframework.http.ResponseEntity<java.util.Map<java.lang.String, java.lang.Object>> org.springframework.boot.autoconfigure.web.servlet.error.BasicErrorController.error(javax.servlet.http.HttpServletRequest)
2018-11-29 22:01:59,832 [main] INFO  [o.s.w.s.m.m.a.RequestMappingHandlerMapping] AbstractHandlerMethodMapping.java:547 - Mapped "{[/error],produces=[text/html]}" onto public org.springframework.web.servlet.ModelAndView org.springframework.boot.autoconfigure.web.servlet.error.BasicErrorController.errorHtml(javax.servlet.http.HttpServletRequest,javax.servlet.http.HttpServletResponse)
2018-11-29 22:01:59,838 [main] INFO  [o.s.w.s.m.m.a.RequestMappingHandlerMapping] AbstractHandlerMethodMapping.java:547 - Mapped "{[/],methods=[GET]}" onto public java.lang.String org.springframework.cloud.netflix.eureka.server.EurekaController.status(javax.servlet.http.HttpServletRequest,java.util.Map<java.lang.String, java.lang.Object>)
2018-11-29 22:01:59,839 [main] INFO  [o.s.w.s.m.m.a.RequestMappingHandlerMapping] AbstractHandlerMethodMapping.java:547 - Mapped "{[/lastn],methods=[GET]}" onto public java.lang.String org.springframework.cloud.netflix.eureka.server.EurekaController.lastn(javax.servlet.http.HttpServletRequest,java.util.Map<java.lang.String, java.lang.Object>)
2018-11-29 22:01:59,861 [main] INFO  [o.s.web.servlet.handler.SimpleUrlHandlerMapping] AbstractUrlHandlerMapping.java:373 - Mapped URL path [/webjars/**] onto handler of type [class org.springframework.web.servlet.resource.ResourceHttpRequestHandler]
2018-11-29 22:01:59,861 [main] INFO  [o.s.web.servlet.handler.SimpleUrlHandlerMapping] AbstractUrlHandlerMapping.java:373 - Mapped URL path [/**] onto handler of type [class org.springframework.web.servlet.resource.ResourceHttpRequestHandler]
2018-11-29 22:02:00,192 [main] INFO  [o.s.ui.freemarker.SpringTemplateLoader] SpringTemplateLoader.java:62 - SpringTemplateLoader for FreeMarker: using resource loader [org.springframework.boot.web.servlet.context.AnnotationConfigServletWebServerApplicationContext@36328d33: startup date [Thu Nov 29 22:01:56 CST 2018]; parent: org.springframework.context.annotation.AnnotationConfigApplicationContext@69e1dd28] and template loader path [classpath:/templates/]
2018-11-29 22:02:00,193 [main] INFO  [o.s.w.servlet.view.freemarker.FreeMarkerConfigurer] FreeMarkerConfigurer.java:131 - ClassTemplateLoader for Spring macros added to FreeMarker configuration
2018-11-29 22:02:00,436 [main] INFO  [o.s.security.web.DefaultSecurityFilterChain] DefaultSecurityFilterChain.java:43 - Creating filter chain: org.springframework.security.web.util.matcher.AnyRequestMatcher@1, [org.springframework.security.web.context.request.async.WebAsyncManagerIntegrationFilter@2721044, org.springframework.security.web.context.SecurityContextPersistenceFilter@101a461c, org.springframework.security.web.header.HeaderWriterFilter@235d659c, org.springframework.security.web.csrf.CsrfFilter@e38f0b7, org.springframework.security.web.authentication.logout.LogoutFilter@7cfb4736, org.springframework.security.web.authentication.UsernamePasswordAuthenticationFilter@124d02b2, org.springframework.security.web.authentication.ui.DefaultLoginPageGeneratingFilter@49fa1d74, org.springframework.security.web.authentication.www.BasicAuthenticationFilter@53e76c11, org.springframework.security.web.savedrequest.RequestCacheAwareFilter@5ebffb44, org.springframework.security.web.servletapi.SecurityContextHolderAwareRequestFilter@5e8507f1, org.springframework.security.web.authentication.AnonymousAuthenticationFilter@205df5dc, org.springframework.security.web.session.SessionManagementFilter@2da16263, org.springframework.security.web.access.ExceptionTranslationFilter@2b2954e1, org.springframework.security.web.access.intercept.FilterSecurityInterceptor@3458eca5]
2018-11-29 22:02:00,605 [main] INFO  [o.s.cloud.netflix.eureka.InstanceInfoFactory] InstanceInfoFactory.java:71 - Setting initial instance status as: STARTING
2018-11-29 22:02:00,631 [main] INFO  [com.netflix.discovery.DiscoveryClient] DiscoveryClient.java:349 - Initializing Eureka in region us-east-1
2018-11-29 22:02:00,631 [main] INFO  [com.netflix.discovery.DiscoveryClient] DiscoveryClient.java:352 - Client configured to neither register nor query for data.
2018-11-29 22:02:00,637 [main] INFO  [com.netflix.discovery.DiscoveryClient] DiscoveryClient.java:365 - Discovery Client initialized at timestamp 1543500120636 with initial instances count: 0
2018-11-29 22:02:00,686 [main] INFO  [com.netflix.eureka.DefaultEurekaServerContext] DefaultEurekaServerContext.java:63 - Initializing ...
2018-11-29 22:02:00,688 [main] WARN  [com.netflix.eureka.cluster.PeerEurekaNodes] PeerEurekaNodes.java:156 - The replica size seems to be empty. Check the route 53 DNS Registry
2018-11-29 22:02:00,712 [main] INFO  [c.netflix.eureka.registry.AbstractInstanceRegistry] AbstractInstanceRegistry.java:151 - Finished initializing remote region registries. All known remote regions: []
2018-11-29 22:02:00,713 [main] INFO  [com.netflix.eureka.DefaultEurekaServerContext] DefaultEurekaServerContext.java:70 - Initialized
2018-11-29 22:02:00,734 [main] INFO  [o.s.b.actuate.endpoint.web.EndpointLinksResolver] EndpointLinksResolver.java:59 - Exposing 2 endpoint(s) beneath base path '/actuator'
2018-11-29 22:02:00,746 [main] INFO  [o.s.b.a.e.web.servlet.WebMvcEndpointHandlerMapping] AbstractHandlerMethodMapping.java:547 - Mapped "{[/actuator/health],methods=[GET],produces=[application/vnd.spring-boot.actuator.v2+json || application/json]}" onto public java.lang.Object org.springframework.boot.actuate.endpoint.web.servlet.AbstractWebMvcEndpointHandlerMapping$OperationHandler.handle(javax.servlet.http.HttpServletRequest,java.util.Map<java.lang.String, java.lang.String>)
2018-11-29 22:02:00,747 [main] INFO  [o.s.b.a.e.web.servlet.WebMvcEndpointHandlerMapping] AbstractHandlerMethodMapping.java:547 - Mapped "{[/actuator/info],methods=[GET],produces=[application/vnd.spring-boot.actuator.v2+json || application/json]}" onto public java.lang.Object org.springframework.boot.actuate.endpoint.web.servlet.AbstractWebMvcEndpointHandlerMapping$OperationHandler.handle(javax.servlet.http.HttpServletRequest,java.util.Map<java.lang.String, java.lang.String>)
2018-11-29 22:02:00,748 [main] INFO  [o.s.b.a.e.web.servlet.WebMvcEndpointHandlerMapping] AbstractHandlerMethodMapping.java:547 - Mapped "{[/actuator],methods=[GET],produces=[application/vnd.spring-boot.actuator.v2+json || application/json]}" onto protected java.util.Map<java.lang.String, java.util.Map<java.lang.String, org.springframework.boot.actuate.endpoint.web.Link>> org.springframework.boot.actuate.endpoint.web.servlet.WebMvcEndpointHandlerMapping.links(javax.servlet.http.HttpServletRequest,javax.servlet.http.HttpServletResponse)
2018-11-29 22:02:00,810 [main] INFO  [o.s.jmx.export.annotation.AnnotationMBeanExporter] MBeanExporter.java:433 - Registering beans for JMX exposure on startup
2018-11-29 22:02:00,822 [main] INFO  [o.s.jmx.export.annotation.AnnotationMBeanExporter] MBeanExporter.java:895 - Bean with name 'environmentManager' has been autodetected for JMX exposure
2018-11-29 22:02:00,824 [main] INFO  [o.s.jmx.export.annotation.AnnotationMBeanExporter] MBeanExporter.java:895 - Bean with name 'configurationPropertiesRebinder' has been autodetected for JMX exposure
2018-11-29 22:02:00,827 [main] INFO  [o.s.jmx.export.annotation.AnnotationMBeanExporter] MBeanExporter.java:895 - Bean with name 'refreshScope' has been autodetected for JMX exposure
2018-11-29 22:02:00,831 [main] INFO  [o.s.jmx.export.annotation.AnnotationMBeanExporter] MBeanExporter.java:675 - Located managed bean 'environmentManager': registering with JMX server as MBean [org.springframework.cloud.context.environment:name=environmentManager,type=EnvironmentManager]
2018-11-29 22:02:00,840 [main] INFO  [o.s.jmx.export.annotation.AnnotationMBeanExporter] MBeanExporter.java:675 - Located managed bean 'refreshScope': registering with JMX server as MBean [org.springframework.cloud.context.scope.refresh:name=refreshScope,type=RefreshScope]
2018-11-29 22:02:00,851 [main] INFO  [o.s.jmx.export.annotation.AnnotationMBeanExporter] MBeanExporter.java:675 - Located managed bean 'configurationPropertiesRebinder': registering with JMX server as MBean [org.springframework.cloud.context.properties:name=configurationPropertiesRebinder,context=36328d33,type=ConfigurationPropertiesRebinder]
2018-11-29 22:02:00,865 [main] INFO  [o.s.context.support.DefaultLifecycleProcessor] DefaultLifecycleProcessor.java:351 - Starting beans in phase 0
2018-11-29 22:02:00,866 [main] INFO  [o.s.c.n.e.serviceregistry.EurekaServiceRegistry] EurekaServiceRegistry.java:42 - Registering application pinyougou-eureka-server with eureka with status UP
2018-11-29 22:02:00,869 [Thread-27] INFO  [o.s.c.netflix.eureka.server.EurekaServerBootstrap] EurekaServerBootstrap.java:109 - Setting the eureka configuration..
2018-11-29 22:02:00,870 [Thread-27] INFO  [o.s.c.netflix.eureka.server.EurekaServerBootstrap] EurekaServerBootstrap.java:114 - Eureka data center value eureka.datacenter is not set, defaulting to default
2018-11-29 22:02:00,871 [Thread-27] INFO  [o.s.c.netflix.eureka.server.EurekaServerBootstrap] EurekaServerBootstrap.java:128 - Eureka environment value eureka.environment is not set, defaulting to test
2018-11-29 22:02:00,884 [Thread-27] INFO  [o.s.c.netflix.eureka.server.EurekaServerBootstrap] EurekaServerBootstrap.java:184 - isAws returned false
2018-11-29 22:02:00,885 [Thread-27] INFO  [o.s.c.netflix.eureka.server.EurekaServerBootstrap] EurekaServerBootstrap.java:152 - Initialized server context
2018-11-29 22:02:00,885 [main] INFO  [org.apache.coyote.http11.Http11NioProtocol] DirectJDKLog.java:180 - Starting ProtocolHandler ["http-nio-9000"]
2018-11-29 22:02:00,885 [Thread-27] INFO  [c.n.eureka.registry.PeerAwareInstanceRegistryImpl] PeerAwareInstanceRegistryImpl.java:242 - Got 1 instances from neighboring DS node
2018-11-29 22:02:00,886 [Thread-27] INFO  [c.n.eureka.registry.PeerAwareInstanceRegistryImpl] PeerAwareInstanceRegistryImpl.java:243 - Renew threshold is: 1
2018-11-29 22:02:00,886 [Thread-27] INFO  [c.n.eureka.registry.PeerAwareInstanceRegistryImpl] PeerAwareInstanceRegistryImpl.java:254 - Changing status to UP
2018-11-29 22:02:00,898 [Thread-27] INFO  [o.s.c.n.e.s.EurekaServerInitializerConfiguration] EurekaServerInitializerConfiguration.java:72 - Started Eureka Server
2018-11-29 22:02:00,904 [main] INFO  [org.apache.tomcat.util.net.NioSelectorPool] DirectJDKLog.java:180 - Using a shared selector for servlet write/read
2018-11-29 22:02:00,921 [main] INFO  [o.s.boot.web.embedded.tomcat.TomcatWebServer] TomcatWebServer.java:206 - Tomcat started on port(s): 9000 (http) with context path ''
2018-11-29 22:02:00,924 [main] INFO  [o.s.c.n.e.s.EurekaAutoServiceRegistration] EurekaAutoServiceRegistration.java:124 - Updating port to 9000
2018-11-29 22:02:00,928 [main] INFO  [c.h.pinyougou.eureka.PinyougouEurekaApplication] StartupInfoLogger.java:59 - Started PinyougouEurekaApplication in 6.928 seconds (JVM running for 9.061)
2018-11-29 22:02:01,200 [RMI TCP Connection(5)-127.0.0.1] INFO  [o.a.c.core.ContainerBase.[Tomcat].[localhost].[/]] DirectJDKLog.java:180 - Initializing Spring FrameworkServlet 'dispatcherServlet'
2018-11-29 22:02:01,200 [RMI TCP Connection(5)-127.0.0.1] INFO  [org.springframework.web.servlet.DispatcherServlet] FrameworkServlet.java:494 - FrameworkServlet 'dispatcherServlet': initialization started
2018-11-29 22:02:01,218 [RMI TCP Connection(5)-127.0.0.1] INFO  [org.springframework.web.servlet.DispatcherServlet] FrameworkServlet.java:509 - FrameworkServlet 'dispatcherServlet': initialization completed in 18 ms
2018-11-29 22:02:05,887 [Eureka-EvictionTimer] INFO  [c.netflix.eureka.registry.AbstractInstanceRegistry] AbstractInstanceRegistry.java:1247 - Running the evict task with compensationTime 0ms
2018-11-29 22:02:10,887 [Eureka-EvictionTimer] INFO  [c.netflix.eureka.registry.AbstractInstanceRegistry] AbstractInstanceRegistry.java:1247 - Running the evict task with compensationTime 0ms
2018-11-29 22:02:15,888 [Eureka-EvictionTimer] INFO  [c.netflix.eureka.registry.AbstractInstanceRegistry] AbstractInstanceRegistry.java:1247 - Running the evict task with compensationTime 0ms
2018-11-29 22:02:20,888 [Eureka-EvictionTimer] INFO  [c.netflix.eureka.registry.AbstractInstanceRegistry] AbstractInstanceRegistry.java:1247 - Running the evict task with compensationTime 0ms
2018-11-29 22:02:25,888 [Eureka-EvictionTimer] INFO  [c.netflix.eureka.registry.AbstractInstanceRegistry] AbstractInstanceRegistry.java:1247 - Running the evict task with compensationTime 0ms
2018-11-29 22:02:30,889 [Eureka-EvictionTimer] INFO  [c.netflix.eureka.registry.AbstractInstanceRegistry] AbstractInstanceRegistry.java:1247 - Running the evict task with compensationTime 0ms
2018-11-29 22:02:35,889 [Eureka-EvictionTimer] INFO  [c.netflix.eureka.registry.AbstractInstanceRegistry] AbstractInstanceRegistry.java:1247 - Running the evict task with compensationTime 0ms
2018-11-29 22:02:40,889 [Eureka-EvictionTimer] INFO  [c.netflix.eureka.registry.AbstractInstanceRegistry] AbstractInstanceRegistry.java:1247 - Running the evict task with compensationTime 0ms
2018-11-29 22:02:45,889 [Eureka-EvictionTimer] INFO  [c.netflix.eureka.registry.AbstractInstanceRegistry] AbstractInstanceRegistry.java:1247 - Running the evict task with compensationTime 0ms
